--- PRE-GAME ---
width: 240; height: 160; players: 2; planets: 12
--- TURN 1 ---
***********New Ship**********
***********New Ship**********
***********New Ship**********
--- TURN 2 ---
***********New Ship**********
***********New Ship**********
***********New Ship**********
--- TURN 3 ---
***********New Ship**********
***********New Ship**********
***********New Ship**********
--- TURN 4 ---
***********New Ship**********
***********New Ship**********
***********New Ship**********
--- TURN 5 ---
***********New Ship**********
***********New Ship**********
***********New Ship**********
--- TURN 6 ---
***********New Ship**********
***********New Ship**********
***********New Ship**********
--- TURN 7 ---
***********New Ship**********
***********New Ship**********
***********New Ship**********
--- TURN 8 ---
***********New Ship**********
***********New Ship**********
***********New Ship**********
--- TURN 9 ---
***********New Ship**********
***********New Ship**********
***********New Ship**********
--- TURN 10 ---
***********New Ship**********
***********New Ship**********
***********New Ship**********
--- TURN 11 ---
***********New Ship**********
***********New Ship**********
***********New Ship**********
--- TURN 12 ---
***********New Ship**********
***********New Ship**********
***********New Ship**********
--- TURN 13 ---
***********New Ship**********
***********New Ship**********
***********New Ship**********
***********New Ship**********
--- TURN 14 ---
***********New Ship**********
***********New Ship**********
***********New Ship**********
***********New Ship**********
--- TURN 15 ---
***********New Ship**********
***********New Ship**********
***********New Ship**********
***********New Ship**********
--- TURN 16 ---
***********New Ship**********
***********New Ship**********
***********New Ship**********
***********New Ship**********
--- TURN 17 ---
***********New Ship**********
***********New Ship**********
***********New Ship**********
***********New Ship**********
***********New Ship**********
--- TURN 18 ---
***********New Ship**********
***********New Ship**********
***********New Ship**********
***********New Ship**********
***********New Ship**********
--- TURN 19 ---
***********New Ship**********
***********New Ship**********
***********New Ship**********
***********New Ship**********
***********New Ship**********
--- TURN 20 ---
***********New Ship**********
***********New Ship**********
***********New Ship**********
***********New Ship**********
***********New Ship**********
--- TURN 21 ---
***********New Ship**********
***********New Ship**********
***********New Ship**********
***********New Ship**********
***********New Ship**********
***********New Ship**********
--- TURN 22 ---
***********New Ship**********
***********New Ship**********
***********New Ship**********
***********New Ship**********
***********New Ship**********
***********New Ship**********
--- TURN 23 ---
***********New Ship**********
***********New Ship**********
***********New Ship**********
***********New Ship**********
***********New Ship**********
***********New Ship**********
--- TURN 24 ---
***********New Ship**********
***********New Ship**********
***********New Ship**********
***********New Ship**********
***********New Ship**********
***********New Ship**********
--- TURN 25 ---
***********New Ship**********
***********New Ship**********
***********New Ship**********
***********New Ship**********
***********New Ship**********
***********New Ship**********
***********New Ship**********
--- TURN 26 ---
***********New Ship**********
***********New Ship**********
***********New Ship**********
***********New Ship**********
***********New Ship**********
***********New Ship**********
***********New Ship**********
--- TURN 27 ---
***********New Ship**********
***********New Ship**********
***********New Ship**********
***********New Ship**********
***********New Ship**********
***********New Ship**********
***********New Ship**********
--- TURN 28 ---
***********New Ship**********
***********New Ship**********
***********New Ship**********
***********New Ship**********
***********New Ship**********
***********New Ship**********
***********New Ship**********
--- TURN 29 ---
***********New Ship**********
***********New Ship**********
***********New Ship**********
***********New Ship**********
***********New Ship**********
***********New Ship**********
***********New Ship**********
***********New Ship**********
--- TURN 30 ---
***********New Ship**********
***********New Ship**********
***********New Ship**********
***********New Ship**********
***********New Ship**********
***********New Ship**********
***********New Ship**********
***********New Ship**********
***********New Ship**********
--- TURN 31 ---
***********New Ship**********
***********New Ship**********
***********New Ship**********
***********New Ship**********
***********New Ship**********
***********New Ship**********
***********New Ship**********
***********New Ship**********
***********New Ship**********
--- TURN 32 ---
***********New Ship**********
***********New Ship**********
***********New Ship**********
***********New Ship**********
***********New Ship**********
***********New Ship**********
***********New Ship**********
***********New Ship**********
***********New Ship**********
--- TURN 33 ---
***********New Ship**********
***********New Ship**********
***********New Ship**********
***********New Ship**********
***********New Ship**********
***********New Ship**********
***********New Ship**********
***********New Ship**********
***********New Ship**********
***********New Ship**********
--- TURN 34 ---
***********New Ship**********
***********New Ship**********
***********New Ship**********
***********New Ship**********
***********New Ship**********
***********New Ship**********
***********New Ship**********
***********New Ship**********
***********New Ship**********
***********New Ship**********
--- TURN 35 ---
***********New Ship**********
***********New Ship**********
***********New Ship**********
***********New Ship**********
***********New Ship**********
***********New Ship**********
***********New Ship**********
***********New Ship**********
***********New Ship**********
***********New Ship**********
--- TURN 36 ---
***********New Ship**********
***********New Ship**********
***********New Ship**********
***********New Ship**********
***********New Ship**********
***********New Ship**********
***********New Ship**********
***********New Ship**********
***********New Ship**********
***********New Ship**********
***********New Ship**********
--- TURN 37 ---
***********New Ship**********
***********New Ship**********
***********New Ship**********
***********New Ship**********
***********New Ship**********
***********New Ship**********
***********New Ship**********
***********New Ship**********
***********New Ship**********
***********New Ship**********
***********New Ship**********
***********New Ship**********
--- TURN 38 ---
***********New Ship**********
***********New Ship**********
***********New Ship**********
***********New Ship**********
***********New Ship**********
***********New Ship**********
***********New Ship**********
***********New Ship**********
***********New Ship**********
***********New Ship**********
***********New Ship**********
***********New Ship**********
--- TURN 39 ---
***********New Ship**********
***********New Ship**********
***********New Ship**********
***********New Ship**********
***********New Ship**********
***********New Ship**********
***********New Ship**********
***********New Ship**********
***********New Ship**********
***********New Ship**********
***********New Ship**********
***********New Ship**********
***********New Ship**********
--- TURN 40 ---
***********New Ship**********
***********New Ship**********
***********New Ship**********
***********New Ship**********
***********New Ship**********
***********New Ship**********
***********New Ship**********
***********New Ship**********
***********New Ship**********
***********New Ship**********
***********New Ship**********
***********New Ship**********
***********New Ship**********
Scooting
--- TURN 41 ---
***********New Ship**********
***********New Ship**********
***********New Ship**********
***********New Ship**********
***********New Ship**********
***********New Ship**********
***********New Ship**********
***********New Ship**********
***********New Ship**********
***********New Ship**********
***********New Ship**********
***********New Ship**********
***********New Ship**********
Scooting
***********New Ship**********
--- TURN 42 ---
***********New Ship**********
***********New Ship**********
***********New Ship**********
***********New Ship**********
***********New Ship**********
***********New Ship**********
***********New Ship**********
***********New Ship**********
***********New Ship**********
***********New Ship**********
***********New Ship**********
***********New Ship**********
***********New Ship**********
Scooting
***********New Ship**********
***********New Ship**********
--- TURN 43 ---
***********New Ship**********
***********New Ship**********
***********New Ship**********
***********New Ship**********
***********New Ship**********
***********New Ship**********
***********New Ship**********
***********New Ship**********
***********New Ship**********
***********New Ship**********
***********New Ship**********
***********New Ship**********
***********New Ship**********
Scooting
***********New Ship**********
***********New Ship**********
Scooting
--- TURN 44 ---
***********New Ship**********
***********New Ship**********
***********New Ship**********
***********New Ship**********
***********New Ship**********
***********New Ship**********
***********New Ship**********
***********New Ship**********
***********New Ship**********
***********New Ship**********
***********New Ship**********
***********New Ship**********
***********New Ship**********
***********New Ship**********
***********New Ship**********
Scooting
--- TURN 45 ---
***********New Ship**********
***********New Ship**********
***********New Ship**********
***********New Ship**********
***********New Ship**********
***********New Ship**********
***********New Ship**********
***********New Ship**********
***********New Ship**********
***********New Ship**********
***********New Ship**********
***********New Ship**********
***********New Ship**********
Scooting
***********New Ship**********
***********New Ship**********
Scooting
***********New Ship**********
***********New Ship**********
***********New Ship**********
--- TURN 46 ---
***********New Ship**********
***********New Ship**********
***********New Ship**********
***********New Ship**********
***********New Ship**********
***********New Ship**********
***********New Ship**********
***********New Ship**********
***********New Ship**********
***********New Ship**********
***********New Ship**********
***********New Ship**********
***********New Ship**********
***********New Ship**********
***********New Ship**********
Scooting
***********New Ship**********
Scooting
***********New Ship**********
--- TURN 47 ---
***********New Ship**********
***********New Ship**********
***********New Ship**********
***********New Ship**********
***********New Ship**********
***********New Ship**********
***********New Ship**********
***********New Ship**********
***********New Ship**********
***********New Ship**********
***********New Ship**********
***********New Ship**********
***********New Ship**********
***********New Ship**********
Scooting
***********New Ship**********
Scooting
***********New Ship**********
Scooting
***********New Ship**********
--- TURN 48 ---
***********New Ship**********
***********New Ship**********
***********New Ship**********
***********New Ship**********
***********New Ship**********
***********New Ship**********
***********New Ship**********
***********New Ship**********
***********New Ship**********
***********New Ship**********
***********New Ship**********
***********New Ship**********
***********New Ship**********
***********New Ship**********
Scooting
***********New Ship**********
Scooting
***********New Ship**********
***********New Ship**********
--- TURN 49 ---
***********New Ship**********
***********New Ship**********
***********New Ship**********
***********New Ship**********
***********New Ship**********
***********New Ship**********
***********New Ship**********
***********New Ship**********
***********New Ship**********
***********New Ship**********
***********New Ship**********
***********New Ship**********
***********New Ship**********
***********New Ship**********
Scooting
***********New Ship**********
Scooting
***********New Ship**********
***********New Ship**********
Scooting
***********New Ship**********
--- TURN 50 ---
***********New Ship**********
***********New Ship**********
***********New Ship**********
***********New Ship**********
***********New Ship**********
***********New Ship**********
***********New Ship**********
***********New Ship**********
***********New Ship**********
***********New Ship**********
***********New Ship**********
***********New Ship**********
***********New Ship**********
***********New Ship**********
***********New Ship**********
***********New Ship**********
***********New Ship**********
Scooting
***********New Ship**********
--- TURN 51 ---
***********New Ship**********
***********New Ship**********
***********New Ship**********
***********New Ship**********
***********New Ship**********
***********New Ship**********
***********New Ship**********
***********New Ship**********
***********New Ship**********
***********New Ship**********
***********New Ship**********
***********New Ship**********
***********New Ship**********
***********New Ship**********
Scooting
***********New Ship**********
***********New Ship**********
Scooting
***********New Ship**********
***********New Ship**********
***********New Ship**********
--- TURN 52 ---
***********New Ship**********
***********New Ship**********
***********New Ship**********
***********New Ship**********
***********New Ship**********
***********New Ship**********
***********New Ship**********
***********New Ship**********
***********New Ship**********
***********New Ship**********
***********New Ship**********
***********New Ship**********
***********New Ship**********
***********New Ship**********
***********New Ship**********
***********New Ship**********
***********New Ship**********
***********New Ship**********
***********New Ship**********
***********New Ship**********
--- TURN 53 ---
***********New Ship**********
***********New Ship**********
***********New Ship**********
***********New Ship**********
***********New Ship**********
***********New Ship**********
***********New Ship**********
***********New Ship**********
***********New Ship**********
***********New Ship**********
***********New Ship**********
***********New Ship**********
***********New Ship**********
***********New Ship**********
***********New Ship**********
***********New Ship**********
***********New Ship**********
***********New Ship**********
***********New Ship**********
***********New Ship**********
***********New Ship**********
--- TURN 54 ---
***********New Ship**********
***********New Ship**********
***********New Ship**********
***********New Ship**********
***********New Ship**********
***********New Ship**********
***********New Ship**********
***********New Ship**********
***********New Ship**********
***********New Ship**********
***********New Ship**********
***********New Ship**********
***********New Ship**********
***********New Ship**********
***********New Ship**********
***********New Ship**********
***********New Ship**********
***********New Ship**********
***********New Ship**********
***********New Ship**********
***********New Ship**********
***********New Ship**********
--- TURN 55 ---
***********New Ship**********
***********New Ship**********
***********New Ship**********
***********New Ship**********
***********New Ship**********
***********New Ship**********
***********New Ship**********
***********New Ship**********
***********New Ship**********
***********New Ship**********
***********New Ship**********
***********New Ship**********
***********New Ship**********
***********New Ship**********
***********New Ship**********
***********New Ship**********
***********New Ship**********
***********New Ship**********
***********New Ship**********
***********New Ship**********
***********New Ship**********
***********New Ship**********
--- TURN 56 ---
***********New Ship**********
***********New Ship**********
***********New Ship**********
***********New Ship**********
***********New Ship**********
***********New Ship**********
***********New Ship**********
***********New Ship**********
***********New Ship**********
***********New Ship**********
***********New Ship**********
***********New Ship**********
***********New Ship**********
***********New Ship**********
***********New Ship**********
***********New Ship**********
***********New Ship**********
***********New Ship**********
***********New Ship**********
***********New Ship**********
***********New Ship**********
***********New Ship**********
--- TURN 57 ---
***********New Ship**********
***********New Ship**********
***********New Ship**********
***********New Ship**********
***********New Ship**********
***********New Ship**********
***********New Ship**********
***********New Ship**********
***********New Ship**********
***********New Ship**********
***********New Ship**********
***********New Ship**********
***********New Ship**********
***********New Ship**********
***********New Ship**********
***********New Ship**********
***********New Ship**********
***********New Ship**********
***********New Ship**********
***********New Ship**********
***********New Ship**********
***********New Ship**********
***********New Ship**********
***********New Ship**********
***********New Ship**********
--- TURN 58 ---
***********New Ship**********
***********New Ship**********
***********New Ship**********
***********New Ship**********
***********New Ship**********
***********New Ship**********
***********New Ship**********
***********New Ship**********
***********New Ship**********
***********New Ship**********
***********New Ship**********
***********New Ship**********
***********New Ship**********
***********New Ship**********
***********New Ship**********
***********New Ship**********
***********New Ship**********
***********New Ship**********
***********New Ship**********
***********New Ship**********
***********New Ship**********
***********New Ship**********
***********New Ship**********
***********New Ship**********
***********New Ship**********
***********New Ship**********
--- TURN 59 ---
***********New Ship**********
***********New Ship**********
***********New Ship**********
***********New Ship**********
***********New Ship**********
***********New Ship**********
***********New Ship**********
***********New Ship**********
***********New Ship**********
***********New Ship**********
***********New Ship**********
***********New Ship**********
***********New Ship**********
***********New Ship**********
***********New Ship**********
***********New Ship**********
***********New Ship**********
***********New Ship**********
***********New Ship**********
***********New Ship**********
***********New Ship**********
***********New Ship**********
***********New Ship**********
***********New Ship**********
***********New Ship**********
***********New Ship**********
--- TURN 60 ---
***********New Ship**********
***********New Ship**********
***********New Ship**********
***********New Ship**********
***********New Ship**********
***********New Ship**********
***********New Ship**********
***********New Ship**********
***********New Ship**********
***********New Ship**********
***********New Ship**********
***********New Ship**********
***********New Ship**********
***********New Ship**********
***********New Ship**********
***********New Ship**********
***********New Ship**********
***********New Ship**********
***********New Ship**********
***********New Ship**********
***********New Ship**********
***********New Ship**********
***********New Ship**********
***********New Ship**********
***********New Ship**********
***********New Ship**********
***********New Ship**********
--- TURN 61 ---
***********New Ship**********
***********New Ship**********
***********New Ship**********
***********New Ship**********
***********New Ship**********
***********New Ship**********
***********New Ship**********
***********New Ship**********
***********New Ship**********
***********New Ship**********
***********New Ship**********
***********New Ship**********
***********New Ship**********
***********New Ship**********
***********New Ship**********
***********New Ship**********
***********New Ship**********
***********New Ship**********
***********New Ship**********
***********New Ship**********
***********New Ship**********
***********New Ship**********
***********New Ship**********
***********New Ship**********
***********New Ship**********
***********New Ship**********
***********New Ship**********
***********New Ship**********
--- TURN 62 ---
***********New Ship**********
***********New Ship**********
***********New Ship**********
***********New Ship**********
***********New Ship**********
***********New Ship**********
***********New Ship**********
***********New Ship**********
***********New Ship**********
***********New Ship**********
***********New Ship**********
***********New Ship**********
***********New Ship**********
***********New Ship**********
***********New Ship**********
***********New Ship**********
***********New Ship**********
***********New Ship**********
***********New Ship**********
***********New Ship**********
***********New Ship**********
***********New Ship**********
***********New Ship**********
***********New Ship**********
***********New Ship**********
***********New Ship**********
***********New Ship**********
***********New Ship**********
--- TURN 63 ---
***********New Ship**********
***********New Ship**********
***********New Ship**********
***********New Ship**********
***********New Ship**********
***********New Ship**********
***********New Ship**********
***********New Ship**********
***********New Ship**********
***********New Ship**********
***********New Ship**********
***********New Ship**********
***********New Ship**********
***********New Ship**********
***********New Ship**********
***********New Ship**********
***********New Ship**********
***********New Ship**********
***********New Ship**********
***********New Ship**********
***********New Ship**********
***********New Ship**********
***********New Ship**********
***********New Ship**********
***********New Ship**********
***********New Ship**********
***********New Ship**********
***********New Ship**********
***********New Ship**********
***********New Ship**********
***********New Ship**********
--- TURN 64 ---
***********New Ship**********
***********New Ship**********
***********New Ship**********
***********New Ship**********
***********New Ship**********
***********New Ship**********
***********New Ship**********
***********New Ship**********
***********New Ship**********
***********New Ship**********
***********New Ship**********
***********New Ship**********
***********New Ship**********
***********New Ship**********
***********New Ship**********
***********New Ship**********
***********New Ship**********
***********New Ship**********
***********New Ship**********
***********New Ship**********
***********New Ship**********
***********New Ship**********
***********New Ship**********
***********New Ship**********
***********New Ship**********
***********New Ship**********
***********New Ship**********
***********New Ship**********
***********New Ship**********
***********New Ship**********
***********New Ship**********
***********New Ship**********
--- TURN 65 ---
***********New Ship**********
***********New Ship**********
***********New Ship**********
***********New Ship**********
***********New Ship**********
***********New Ship**********
***********New Ship**********
***********New Ship**********
***********New Ship**********
***********New Ship**********
***********New Ship**********
***********New Ship**********
***********New Ship**********
***********New Ship**********
***********New Ship**********
***********New Ship**********
***********New Ship**********
***********New Ship**********
***********New Ship**********
***********New Ship**********
***********New Ship**********
***********New Ship**********
***********New Ship**********
***********New Ship**********
***********New Ship**********
***********New Ship**********
***********New Ship**********
***********New Ship**********
***********New Ship**********
***********New Ship**********
***********New Ship**********
***********New Ship**********
***********New Ship**********
***********New Ship**********
--- TURN 66 ---
***********New Ship**********
***********New Ship**********
***********New Ship**********
***********New Ship**********
***********New Ship**********
***********New Ship**********
***********New Ship**********
***********New Ship**********
***********New Ship**********
***********New Ship**********
***********New Ship**********
***********New Ship**********
***********New Ship**********
***********New Ship**********
***********New Ship**********
***********New Ship**********
***********New Ship**********
***********New Ship**********
***********New Ship**********
***********New Ship**********
***********New Ship**********
***********New Ship**********
***********New Ship**********
***********New Ship**********
***********New Ship**********
***********New Ship**********
***********New Ship**********
***********New Ship**********
***********New Ship**********
***********New Ship**********
***********New Ship**********
***********New Ship**********
***********New Ship**********
***********New Ship**********
***********New Ship**********
--- TURN 67 ---
***********New Ship**********
***********New Ship**********
***********New Ship**********
***********New Ship**********
***********New Ship**********
***********New Ship**********
***********New Ship**********
***********New Ship**********
***********New Ship**********
***********New Ship**********
***********New Ship**********
***********New Ship**********
***********New Ship**********
***********New Ship**********
***********New Ship**********
***********New Ship**********
***********New Ship**********
***********New Ship**********
***********New Ship**********
***********New Ship**********
***********New Ship**********
***********New Ship**********
***********New Ship**********
***********New Ship**********
***********New Ship**********
***********New Ship**********
***********New Ship**********
***********New Ship**********
***********New Ship**********
***********New Ship**********
***********New Ship**********
***********New Ship**********
***********New Ship**********
***********New Ship**********
***********New Ship**********
--- TURN 68 ---
***********New Ship**********
***********New Ship**********
***********New Ship**********
***********New Ship**********
***********New Ship**********
***********New Ship**********
***********New Ship**********
***********New Ship**********
***********New Ship**********
***********New Ship**********
***********New Ship**********
***********New Ship**********
***********New Ship**********
***********New Ship**********
***********New Ship**********
***********New Ship**********
***********New Ship**********
***********New Ship**********
***********New Ship**********
***********New Ship**********
***********New Ship**********
***********New Ship**********
***********New Ship**********
***********New Ship**********
***********New Ship**********
***********New Ship**********
***********New Ship**********
***********New Ship**********
***********New Ship**********
***********New Ship**********
***********New Ship**********
***********New Ship**********
***********New Ship**********
***********New Ship**********
***********New Ship**********
***********New Ship**********
--- TURN 69 ---
***********New Ship**********
***********New Ship**********
***********New Ship**********
***********New Ship**********
***********New Ship**********
***********New Ship**********
***********New Ship**********
***********New Ship**********
***********New Ship**********
***********New Ship**********
***********New Ship**********
***********New Ship**********
***********New Ship**********
***********New Ship**********
***********New Ship**********
***********New Ship**********
***********New Ship**********
***********New Ship**********
***********New Ship**********
***********New Ship**********
***********New Ship**********
***********New Ship**********
***********New Ship**********
***********New Ship**********
***********New Ship**********
***********New Ship**********
***********New Ship**********
***********New Ship**********
***********New Ship**********
***********New Ship**********
***********New Ship**********
***********New Ship**********
***********New Ship**********
***********New Ship**********
***********New Ship**********
***********New Ship**********
***********New Ship**********
***********New Ship**********
***********New Ship**********
***********New Ship**********
***********New Ship**********
--- TURN 70 ---
***********New Ship**********
***********New Ship**********
***********New Ship**********
***********New Ship**********
***********New Ship**********
***********New Ship**********
***********New Ship**********
***********New Ship**********
***********New Ship**********
***********New Ship**********
***********New Ship**********
***********New Ship**********
***********New Ship**********
***********New Ship**********
***********New Ship**********
***********New Ship**********
***********New Ship**********
***********New Ship**********
***********New Ship**********
***********New Ship**********
***********New Ship**********
***********New Ship**********
***********New Ship**********
***********New Ship**********
***********New Ship**********
***********New Ship**********
***********New Ship**********
***********New Ship**********
***********New Ship**********
***********New Ship**********
***********New Ship**********
***********New Ship**********
***********New Ship**********
***********New Ship**********
***********New Ship**********
***********New Ship**********
***********New Ship**********
***********New Ship**********
***********New Ship**********
***********New Ship**********
--- TURN 71 ---
***********New Ship**********
***********New Ship**********
***********New Ship**********
***********New Ship**********
***********New Ship**********
***********New Ship**********
***********New Ship**********
***********New Ship**********
***********New Ship**********
***********New Ship**********
***********New Ship**********
***********New Ship**********
***********New Ship**********
***********New Ship**********
***********New Ship**********
***********New Ship**********
***********New Ship**********
***********New Ship**********
***********New Ship**********
***********New Ship**********
***********New Ship**********
***********New Ship**********
***********New Ship**********
***********New Ship**********
***********New Ship**********
***********New Ship**********
***********New Ship**********
***********New Ship**********
***********New Ship**********
***********New Ship**********
***********New Ship**********
***********New Ship**********
***********New Ship**********
***********New Ship**********
***********New Ship**********
***********New Ship**********
***********New Ship**********
***********New Ship**********
***********New Ship**********
***********New Ship**********
--- TURN 72 ---
***********New Ship**********
***********New Ship**********
***********New Ship**********
***********New Ship**********
***********New Ship**********
***********New Ship**********
***********New Ship**********
***********New Ship**********
***********New Ship**********
***********New Ship**********
***********New Ship**********
***********New Ship**********
***********New Ship**********
***********New Ship**********
***********New Ship**********
***********New Ship**********
***********New Ship**********
***********New Ship**********
***********New Ship**********
***********New Ship**********
***********New Ship**********
***********New Ship**********
***********New Ship**********
***********New Ship**********
***********New Ship**********
***********New Ship**********
***********New Ship**********
***********New Ship**********
***********New Ship**********
***********New Ship**********
***********New Ship**********
***********New Ship**********
***********New Ship**********
***********New Ship**********
***********New Ship**********
***********New Ship**********
***********New Ship**********
***********New Ship**********
***********New Ship**********
***********New Ship**********
***********New Ship**********
***********New Ship**********
--- TURN 73 ---
