INFO:root:Initialized bot Plembleton v2
INFO:root:---NEW TURN---
INFO:root:Just Monica
INFO:root:Start
INFO:root:---NEW TURN---
INFO:root:*********New Ship**********
INFO:root:*********New Ship**********
INFO:root: Size: 14
INFO:root:0
INFO:root:Planet: Entity Planet (id: 8) at position: (x = 99.07056888570013, y = 48.66177248604944), with radius = 4.2743426594522305
INFO:root:Entity Planet (id: 8) at position: (x = 99.07056888570013, y = 48.66177248604944), with radius = 4.2743426594522305
INFO:root:*********New Ship**********
INFO:root:Start
INFO:root:---NEW TURN---
INFO:root:*********New Ship**********
INFO:root: Size: 14
INFO:root:0
INFO:root:Planet: Entity Planet (id: 8) at position: (x = 99.07056888570013, y = 48.66177248604944), with radius = 4.2743426594522305
INFO:root:Entity Planet (id: 8) at position: (x = 99.07056888570013, y = 48.66177248604944), with radius = 4.2743426594522305
INFO:root:*********New Ship**********
INFO:root:*********New Ship**********
INFO:root: Size: 14
INFO:root:0
INFO:root:Planet: Entity Planet (id: 8) at position: (x = 99.07056888570013, y = 48.66177248604944), with radius = 4.2743426594522305
INFO:root:Entity Planet (id: 8) at position: (x = 99.07056888570013, y = 48.66177248604944), with radius = 4.2743426594522305
INFO:root:Start
INFO:root:---NEW TURN---
INFO:root:*********New Ship**********
INFO:root:*********New Ship**********
INFO:root: Size: 14
INFO:root:0
INFO:root:Planet: Entity Planet (id: 8) at position: (x = 99.07056888570013, y = 48.66177248604944), with radius = 4.2743426594522305
INFO:root:Entity Planet (id: 8) at position: (x = 99.07056888570013, y = 48.66177248604944), with radius = 4.2743426594522305
INFO:root:*********New Ship**********
INFO:root:Start
INFO:root:---NEW TURN---
INFO:root:*********New Ship**********
INFO:root: Size: 14
INFO:root:0
INFO:root:Planet: Entity Planet (id: 8) at position: (x = 99.07056888570013, y = 48.66177248604944), with radius = 4.2743426594522305
INFO:root:Entity Planet (id: 8) at position: (x = 99.07056888570013, y = 48.66177248604944), with radius = 4.2743426594522305
INFO:root:*********New Ship**********
INFO:root:*********New Ship**********
INFO:root: Size: 14
INFO:root:0
INFO:root:Planet: Entity Planet (id: 8) at position: (x = 99.07056888570013, y = 48.66177248604944), with radius = 4.2743426594522305
INFO:root:Entity Planet (id: 8) at position: (x = 99.07056888570013, y = 48.66177248604944), with radius = 4.2743426594522305
INFO:root:Start
INFO:root:---NEW TURN---
INFO:root:*********New Ship**********
INFO:root:*********New Ship**********
INFO:root: Size: 14
INFO:root:0
INFO:root:Planet: Entity Planet (id: 8) at position: (x = 99.07056888570013, y = 48.66177248604944), with radius = 4.2743426594522305
INFO:root:Entity Planet (id: 8) at position: (x = 99.07056888570013, y = 48.66177248604944), with radius = 4.2743426594522305
INFO:root:*********New Ship**********
INFO:root:Start
INFO:root:---NEW TURN---
INFO:root:*********New Ship**********
INFO:root: Size: 14
INFO:root:0
INFO:root:Planet: Entity Planet (id: 8) at position: (x = 99.07056888570013, y = 48.66177248604944), with radius = 4.2743426594522305
INFO:root:Entity Planet (id: 8) at position: (x = 99.07056888570013, y = 48.66177248604944), with radius = 4.2743426594522305
INFO:root:*********New Ship**********
INFO:root:*********New Ship**********
INFO:root: Size: 14
INFO:root:0
INFO:root:Planet: Entity Planet (id: 8) at position: (x = 99.07056888570013, y = 48.66177248604944), with radius = 4.2743426594522305
INFO:root:Entity Planet (id: 8) at position: (x = 99.07056888570013, y = 48.66177248604944), with radius = 4.2743426594522305
INFO:root:Start
INFO:root:---NEW TURN---
INFO:root:*********New Ship**********
INFO:root:*********New Ship**********
INFO:root: Size: 14
INFO:root:0
INFO:root:Planet: Entity Planet (id: 8) at position: (x = 99.07056888570013, y = 48.66177248604944), with radius = 4.2743426594522305
INFO:root:1
INFO:root:Planet: Entity Planet (id: 2) at position: (x = 112.93022785655384, y = 72.93022785655384), with radius = 4.499083824074528
INFO:root:Entity Planet (id: 2) at position: (x = 112.93022785655384, y = 72.93022785655384), with radius = 4.499083824074528
INFO:root:*********New Ship**********
INFO:root:Start
INFO:root:---NEW TURN---
INFO:root:*********New Ship**********
INFO:root:*********New Ship**********
INFO:root:*********New Ship**********
INFO:root:Start
INFO:root:---NEW TURN---
INFO:root:*********New Ship**********
INFO:root:*********New Ship**********
INFO:root: Size: 14
INFO:root:0
INFO:root:Planet: Entity Planet (id: 8) at position: (x = 99.07056888570013, y = 48.66177248604944), with radius = 4.2743426594522305
INFO:root:1
INFO:root:Planet: Entity Planet (id: 2) at position: (x = 112.93022785655384, y = 72.93022785655384), with radius = 4.499083824074528
INFO:root:Entity Planet (id: 2) at position: (x = 112.93022785655384, y = 72.93022785655384), with radius = 4.499083824074528
INFO:root:*********New Ship**********
INFO:root:Start
INFO:root:---NEW TURN---
INFO:root:*********New Ship**********
INFO:root:*********New Ship**********
INFO:root:*********New Ship**********
INFO:root:Start
INFO:root:---NEW TURN---
INFO:root:*********New Ship**********
INFO:root:*********New Ship**********
INFO:root: Size: 14
INFO:root:0
INFO:root:Planet: Entity Planet (id: 8) at position: (x = 99.07056888570013, y = 48.66177248604944), with radius = 4.2743426594522305
INFO:root:1
INFO:root:Planet: Entity Planet (id: 2) at position: (x = 112.93022785655384, y = 72.93022785655384), with radius = 4.499083824074528
INFO:root:Entity Planet (id: 2) at position: (x = 112.93022785655384, y = 72.93022785655384), with radius = 4.499083824074528
INFO:root:*********New Ship**********
INFO:root:Start
INFO:root:---NEW TURN---
INFO:root:*********New Ship**********
INFO:root:*********New Ship**********
INFO:root:*********New Ship**********
INFO:root:Start
INFO:root:---NEW TURN---
INFO:root:*********New Ship**********
INFO:root:*********New Ship**********
INFO:root: Size: 14
INFO:root:0
INFO:root:Planet: Entity Planet (id: 2) at position: (x = 112.93022785655384, y = 72.93022785655384), with radius = 4.499083824074528
INFO:root:Entity Planet (id: 2) at position: (x = 112.93022785655384, y = 72.93022785655384), with radius = 4.499083824074528
INFO:root:*********New Ship**********
INFO:root:Start
INFO:root:---NEW TURN---
INFO:root:*********New Ship**********
INFO:root:*********New Ship**********
INFO:root:*********New Ship**********
INFO:root:Start
INFO:root:---NEW TURN---
INFO:root:*********New Ship**********
INFO:root:*********New Ship**********
INFO:root: Size: 14
INFO:root:0
INFO:root:Planet: Entity Planet (id: 2) at position: (x = 112.93022785655384, y = 72.93022785655384), with radius = 4.499083824074528
INFO:root:Entity Planet (id: 2) at position: (x = 112.93022785655384, y = 72.93022785655384), with radius = 4.499083824074528
INFO:root:*********New Ship**********
INFO:root:Start
INFO:root:---NEW TURN---
INFO:root:*********New Ship**********
INFO:root:*********New Ship**********
INFO:root:*********New Ship**********
INFO:root:Start
INFO:root:---NEW TURN---
INFO:root:*********New Ship**********
INFO:root:*********New Ship**********
INFO:root:*********New Ship**********
INFO:root:*********New Ship**********
INFO:root: Size: 14
INFO:root:0
INFO:root:Planet: Entity Planet (id: 8) at position: (x = 99.07056888570013, y = 48.66177248604944), with radius = 4.2743426594522305
INFO:root:1
INFO:root:Planet: Entity Planet (id: 2) at position: (x = 112.93022785655384, y = 72.93022785655384), with radius = 4.499083824074528
INFO:root:Entity Planet (id: 2) at position: (x = 112.93022785655384, y = 72.93022785655384), with radius = 4.499083824074528
INFO:root:Start
INFO:root:---NEW TURN---
INFO:root:*********New Ship**********
INFO:root:*********New Ship**********
INFO:root:*********New Ship**********
INFO:root:*********New Ship**********
INFO:root:Start
INFO:root:---NEW TURN---
INFO:root:*********New Ship**********
INFO:root:*********New Ship**********
INFO:root:*********New Ship**********
INFO:root:*********New Ship**********
INFO:root: Size: 14
INFO:root:0
INFO:root:Planet: Entity Planet (id: 8) at position: (x = 99.07056888570013, y = 48.66177248604944), with radius = 4.2743426594522305
INFO:root:1
INFO:root:Planet: Entity Planet (id: 2) at position: (x = 112.93022785655384, y = 72.93022785655384), with radius = 4.499083824074528
INFO:root:Entity Planet (id: 2) at position: (x = 112.93022785655384, y = 72.93022785655384), with radius = 4.499083824074528
INFO:root:Start
INFO:root:---NEW TURN---
INFO:root:*********New Ship**********
INFO:root:*********New Ship**********
INFO:root:*********New Ship**********
INFO:root:*********New Ship**********
INFO:root:Start
INFO:root:---NEW TURN---
INFO:root:*********New Ship**********
INFO:root:*********New Ship**********
INFO:root:*********New Ship**********
INFO:root:*********New Ship**********
INFO:root: Size: 14
INFO:root:0
INFO:root:Planet: Entity Planet (id: 2) at position: (x = 112.93022785655384, y = 72.93022785655384), with radius = 4.499083824074528
INFO:root:Entity Planet (id: 2) at position: (x = 112.93022785655384, y = 72.93022785655384), with radius = 4.499083824074528
INFO:root:Start
INFO:root:---NEW TURN---
INFO:root:*********New Ship**********
INFO:root:*********New Ship**********
INFO:root:*********New Ship**********
INFO:root:*********New Ship**********
INFO:root:Start
INFO:root:---NEW TURN---
INFO:root:*********New Ship**********
INFO:root:*********New Ship**********
INFO:root:*********New Ship**********
INFO:root:*********New Ship**********
INFO:root: Size: 14
INFO:root:0
INFO:root:Planet: Entity Planet (id: 8) at position: (x = 99.07056888570013, y = 48.66177248604944), with radius = 4.2743426594522305
INFO:root:1
INFO:root:Planet: Entity Planet (id: 2) at position: (x = 112.93022785655384, y = 72.93022785655384), with radius = 4.499083824074528
INFO:root:2
INFO:root:Planet: Entity Planet (id: 3) at position: (x = 127.06977214344616, y = 72.93022785655384), with radius = 4.499083824074528
INFO:root:Entity Planet (id: 3) at position: (x = 127.06977214344616, y = 72.93022785655384), with radius = 4.499083824074528
INFO:root:*********New Ship**********
INFO:root:Start
INFO:root:---NEW TURN---
INFO:root:*********New Ship**********
INFO:root:*********New Ship**********
INFO:root:*********New Ship**********
INFO:root:*********New Ship**********
INFO:root:*********New Ship**********
INFO:root:Start
INFO:root:---NEW TURN---
INFO:root:*********New Ship**********
INFO:root:*********New Ship**********
INFO:root:*********New Ship**********
INFO:root:*********New Ship**********
INFO:root: Size: 14
INFO:root:0
INFO:root:Planet: Entity Planet (id: 8) at position: (x = 99.07056888570013, y = 48.66177248604944), with radius = 4.2743426594522305
INFO:root:1
INFO:root:Planet: Entity Planet (id: 2) at position: (x = 112.93022785655384, y = 72.93022785655384), with radius = 4.499083824074528
INFO:root:2
INFO:root:Planet: Entity Planet (id: 3) at position: (x = 127.06977214344616, y = 72.93022785655384), with radius = 4.499083824074528
INFO:root:Entity Planet (id: 3) at position: (x = 127.06977214344616, y = 72.93022785655384), with radius = 4.499083824074528
INFO:root:*********New Ship**********
INFO:root:Start
INFO:root:---NEW TURN---
INFO:root:*********New Ship**********
INFO:root:*********New Ship**********
INFO:root:*********New Ship**********
INFO:root:*********New Ship**********
INFO:root:*********New Ship**********
INFO:root:Start
INFO:root:---NEW TURN---
INFO:root:*********New Ship**********
INFO:root:*********New Ship**********
INFO:root:*********New Ship**********
INFO:root:*********New Ship**********
INFO:root: Size: 14
INFO:root:0
INFO:root:Planet: Entity Planet (id: 2) at position: (x = 112.93022785655384, y = 72.93022785655384), with radius = 4.499083824074528
INFO:root:1
INFO:root:Planet: Entity Planet (id: 3) at position: (x = 127.06977214344616, y = 72.93022785655384), with radius = 4.499083824074528
INFO:root:Entity Planet (id: 3) at position: (x = 127.06977214344616, y = 72.93022785655384), with radius = 4.499083824074528
INFO:root:*********New Ship**********
INFO:root:Start
INFO:root:---NEW TURN---
INFO:root:*********New Ship**********
INFO:root:*********New Ship**********
INFO:root:*********New Ship**********
INFO:root:*********New Ship**********
INFO:root:*********New Ship**********
INFO:root:Start
INFO:root:---NEW TURN---
INFO:root:*********New Ship**********
INFO:root:*********New Ship**********
INFO:root:*********New Ship**********
INFO:root:*********New Ship**********
INFO:root:*********New Ship**********
INFO:root: Size: 14
INFO:root:0
INFO:root:Planet: Entity Planet (id: 3) at position: (x = 127.06977214344616, y = 72.93022785655384), with radius = 4.499083824074528
INFO:root:Entity Planet (id: 3) at position: (x = 127.06977214344616, y = 72.93022785655384), with radius = 4.499083824074528
INFO:root:*********New Ship**********
INFO:root:*********New Ship**********
INFO:root:Start
INFO:root:---NEW TURN---
INFO:root:*********New Ship**********
INFO:root:*********New Ship**********
INFO:root:*********New Ship**********
INFO:root:*********New Ship**********
INFO:root:*********New Ship**********
INFO:root:*********New Ship**********
INFO:root: Size: 14
INFO:root:0
INFO:root:Planet: Entity Planet (id: 2) at position: (x = 112.93022785655384, y = 72.93022785655384), with radius = 4.499083824074528
INFO:root:1
INFO:root:Planet: 10.348708    Entity Planet (id: 1) at position: (x = 112.93...
10.348708    Entity Planet (id: 3) at position: (x = 127.06...
Name: planet, dtype: object
