INFO:root:Initialized bot Plembleton v2
INFO:root:---NEW TURN---
INFO:root:Just Monica
INFO:root:Start
INFO:root:---NEW TURN---
INFO:root:*********New Ship**********
INFO:root: Size: 14
INFO:root:0
INFO:root:Planet: Entity Planet (id: 5) at position: (x = 140.92943111429983, y = 111.33822751395057), with radius = 4.2743426594522305
INFO:root:Entity Planet (id: 5) at position: (x = 140.92943111429983, y = 111.33822751395057), with radius = 4.2743426594522305
INFO:root:*********New Ship**********
INFO:root:*********New Ship**********
INFO:root: Size: 14
INFO:root:0
INFO:root:Planet: Entity Planet (id: 5) at position: (x = 140.92943111429983, y = 111.33822751395057), with radius = 4.2743426594522305
INFO:root:Entity Planet (id: 5) at position: (x = 140.92943111429983, y = 111.33822751395057), with radius = 4.2743426594522305
INFO:root:Start
INFO:root:---NEW TURN---
INFO:root:*********New Ship**********
INFO:root:*********New Ship**********
INFO:root: Size: 14
INFO:root:0
INFO:root:Planet: Entity Planet (id: 5) at position: (x = 140.92943111429983, y = 111.33822751395057), with radius = 4.2743426594522305
INFO:root:Entity Planet (id: 5) at position: (x = 140.92943111429983, y = 111.33822751395057), with radius = 4.2743426594522305
INFO:root:*********New Ship**********
INFO:root:Start
INFO:root:---NEW TURN---
INFO:root:*********New Ship**********
INFO:root: Size: 14
INFO:root:0
INFO:root:Planet: Entity Planet (id: 5) at position: (x = 140.92943111429983, y = 111.33822751395057), with radius = 4.2743426594522305
INFO:root:Entity Planet (id: 5) at position: (x = 140.92943111429983, y = 111.33822751395057), with radius = 4.2743426594522305
INFO:root:*********New Ship**********
INFO:root:*********New Ship**********
INFO:root: Size: 14
INFO:root:0
INFO:root:Planet: Entity Planet (id: 5) at position: (x = 140.92943111429983, y = 111.33822751395057), with radius = 4.2743426594522305
INFO:root:Entity Planet (id: 5) at position: (x = 140.92943111429983, y = 111.33822751395057), with radius = 4.2743426594522305
INFO:root:Start
INFO:root:---NEW TURN---
INFO:root:*********New Ship**********
INFO:root:*********New Ship**********
INFO:root: Size: 14
INFO:root:0
INFO:root:Planet: Entity Planet (id: 5) at position: (x = 140.92943111429983, y = 111.33822751395057), with radius = 4.2743426594522305
INFO:root:Entity Planet (id: 5) at position: (x = 140.92943111429983, y = 111.33822751395057), with radius = 4.2743426594522305
INFO:root:*********New Ship**********
INFO:root:Start
INFO:root:---NEW TURN---
INFO:root:*********New Ship**********
INFO:root: Size: 14
INFO:root:0
INFO:root:Planet: Entity Planet (id: 5) at position: (x = 140.92943111429983, y = 111.33822751395057), with radius = 4.2743426594522305
INFO:root:Entity Planet (id: 5) at position: (x = 140.92943111429983, y = 111.33822751395057), with radius = 4.2743426594522305
INFO:root:*********New Ship**********
INFO:root:*********New Ship**********
INFO:root: Size: 14
INFO:root:0
INFO:root:Planet: Entity Planet (id: 5) at position: (x = 140.92943111429983, y = 111.33822751395057), with radius = 4.2743426594522305
INFO:root:Entity Planet (id: 5) at position: (x = 140.92943111429983, y = 111.33822751395057), with radius = 4.2743426594522305
INFO:root:Start
INFO:root:---NEW TURN---
INFO:root:*********New Ship**********
INFO:root:*********New Ship**********
INFO:root: Size: 14
INFO:root:0
INFO:root:Planet: Entity Planet (id: 5) at position: (x = 140.92943111429983, y = 111.33822751395057), with radius = 4.2743426594522305
INFO:root:Entity Planet (id: 5) at position: (x = 140.92943111429983, y = 111.33822751395057), with radius = 4.2743426594522305
INFO:root:*********New Ship**********
INFO:root:Start
INFO:root:---NEW TURN---
INFO:root:*********New Ship**********
INFO:root:*********New Ship**********
INFO:root:*********New Ship**********
INFO:root: Size: 14
INFO:root:0
INFO:root:Planet: Entity Planet (id: 5) at position: (x = 140.92943111429983, y = 111.33822751395057), with radius = 4.2743426594522305
INFO:root:Entity Planet (id: 5) at position: (x = 140.92943111429983, y = 111.33822751395057), with radius = 4.2743426594522305
INFO:root:Start
INFO:root:---NEW TURN---
INFO:root:*********New Ship**********
INFO:root:*********New Ship**********
INFO:root: Size: 14
INFO:root:0
INFO:root:Planet: Entity Planet (id: 5) at position: (x = 140.92943111429983, y = 111.33822751395057), with radius = 4.2743426594522305
INFO:root:1
INFO:root:Planet: Entity Planet (id: 0) at position: (x = 127.06977214344616, y = 87.06977214344616), with radius = 4.499083824074528
INFO:root:Entity Planet (id: 0) at position: (x = 127.06977214344616, y = 87.06977214344616), with radius = 4.499083824074528
INFO:root:*********New Ship**********
INFO:root:Start
INFO:root:---NEW TURN---
INFO:root:*********New Ship**********
INFO:root:*********New Ship**********
INFO:root:*********New Ship**********
INFO:root:Start
INFO:root:---NEW TURN---
INFO:root:*********New Ship**********
INFO:root:*********New Ship**********
INFO:root: Size: 14
INFO:root:0
INFO:root:Planet: Entity Planet (id: 5) at position: (x = 140.92943111429983, y = 111.33822751395057), with radius = 4.2743426594522305
INFO:root:1
INFO:root:Planet: Entity Planet (id: 0) at position: (x = 127.06977214344616, y = 87.06977214344616), with radius = 4.499083824074528
INFO:root:Entity Planet (id: 0) at position: (x = 127.06977214344616, y = 87.06977214344616), with radius = 4.499083824074528
INFO:root:*********New Ship**********
INFO:root:Start
INFO:root:---NEW TURN---
INFO:root:*********New Ship**********
INFO:root:*********New Ship**********
INFO:root:*********New Ship**********
INFO:root:Start
INFO:root:---NEW TURN---
INFO:root:*********New Ship**********
INFO:root:*********New Ship**********
INFO:root: Size: 14
INFO:root:0
INFO:root:Planet: Entity Planet (id: 5) at position: (x = 140.92943111429983, y = 111.33822751395057), with radius = 4.2743426594522305
INFO:root:1
INFO:root:Planet: Entity Planet (id: 0) at position: (x = 127.06977214344616, y = 87.06977214344616), with radius = 4.499083824074528
INFO:root:Entity Planet (id: 0) at position: (x = 127.06977214344616, y = 87.06977214344616), with radius = 4.499083824074528
INFO:root:*********New Ship**********
INFO:root:Start
INFO:root:---NEW TURN---
INFO:root:*********New Ship**********
INFO:root:*********New Ship**********
INFO:root:*********New Ship**********
INFO:root:Start
INFO:root:---NEW TURN---
INFO:root:*********New Ship**********
INFO:root:*********New Ship**********
INFO:root: Size: 14
INFO:root:0
INFO:root:Planet: Entity Planet (id: 5) at position: (x = 140.92943111429983, y = 111.33822751395057), with radius = 4.2743426594522305
INFO:root:1
INFO:root:Planet: Entity Planet (id: 0) at position: (x = 127.06977214344616, y = 87.06977214344616), with radius = 4.499083824074528
INFO:root:Entity Planet (id: 0) at position: (x = 127.06977214344616, y = 87.06977214344616), with radius = 4.499083824074528
INFO:root:*********New Ship**********
INFO:root:Start
INFO:root:---NEW TURN---
INFO:root:*********New Ship**********
INFO:root:*********New Ship**********
INFO:root:*********New Ship**********
INFO:root:Start
INFO:root:---NEW TURN---
INFO:root:*********New Ship**********
INFO:root:*********New Ship**********
INFO:root: Size: 14
INFO:root:0
INFO:root:Planet: Entity Planet (id: 5) at position: (x = 140.92943111429983, y = 111.33822751395057), with radius = 4.2743426594522305
INFO:root:1
INFO:root:Planet: Entity Planet (id: 0) at position: (x = 127.06977214344616, y = 87.06977214344616), with radius = 4.499083824074528
INFO:root:Entity Planet (id: 0) at position: (x = 127.06977214344616, y = 87.06977214344616), with radius = 4.499083824074528
INFO:root:*********New Ship**********
INFO:root:Start
INFO:root:---NEW TURN---
INFO:root:*********New Ship**********
INFO:root:*********New Ship**********
INFO:root:*********New Ship**********
INFO:root:*********New Ship**********
INFO:root:Start
INFO:root:---NEW TURN---
INFO:root:*********New Ship**********
INFO:root:*********New Ship**********
INFO:root: Size: 14
INFO:root:0
INFO:root:Planet: Entity Planet (id: 5) at position: (x = 140.92943111429983, y = 111.33822751395057), with radius = 4.2743426594522305
INFO:root:1
INFO:root:Planet: Entity Planet (id: 0) at position: (x = 127.06977214344616, y = 87.06977214344616), with radius = 4.499083824074528
INFO:root:Entity Planet (id: 0) at position: (x = 127.06977214344616, y = 87.06977214344616), with radius = 4.499083824074528
INFO:root:*********New Ship**********
INFO:root:*********New Ship**********
INFO:root: Size: 14
INFO:root:0
INFO:root:Planet: Entity Planet (id: 5) at position: (x = 140.92943111429983, y = 111.33822751395057), with radius = 4.2743426594522305
INFO:root:1
INFO:root:Planet: Entity Planet (id: 0) at position: (x = 127.06977214344616, y = 87.06977214344616), with radius = 4.499083824074528
INFO:root:Entity Planet (id: 0) at position: (x = 127.06977214344616, y = 87.06977214344616), with radius = 4.499083824074528
INFO:root:Start
INFO:root:---NEW TURN---
INFO:root:*********New Ship**********
INFO:root:*********New Ship**********
INFO:root:*********New Ship**********
INFO:root:*********New Ship**********
INFO:root:Start
INFO:root:---NEW TURN---
INFO:root:*********New Ship**********
INFO:root:*********New Ship**********
INFO:root: Size: 14
INFO:root:0
INFO:root:Planet: Entity Planet (id: 5) at position: (x = 140.92943111429983, y = 111.33822751395057), with radius = 4.2743426594522305
INFO:root:1
INFO:root:Planet: Entity Planet (id: 0) at position: (x = 127.06977214344616, y = 87.06977214344616), with radius = 4.499083824074528
INFO:root:Entity Planet (id: 0) at position: (x = 127.06977214344616, y = 87.06977214344616), with radius = 4.499083824074528
INFO:root:*********New Ship**********
INFO:root:*********New Ship**********
INFO:root: Size: 14
INFO:root:0
INFO:root:Planet: Entity Planet (id: 5) at position: (x = 140.92943111429983, y = 111.33822751395057), with radius = 4.2743426594522305
INFO:root:1
INFO:root:Planet: Entity Planet (id: 0) at position: (x = 127.06977214344616, y = 87.06977214344616), with radius = 4.499083824074528
INFO:root:Entity Planet (id: 0) at position: (x = 127.06977214344616, y = 87.06977214344616), with radius = 4.499083824074528
INFO:root:Start
INFO:root:---NEW TURN---
INFO:root:*********New Ship**********
INFO:root:*********New Ship**********
INFO:root:*********New Ship**********
INFO:root:*********New Ship**********
INFO:root:Start
INFO:root:---NEW TURN---
INFO:root:*********New Ship**********
INFO:root:*********New Ship**********
INFO:root: Size: 14
INFO:root:0
INFO:root:Planet: Entity Planet (id: 5) at position: (x = 140.92943111429983, y = 111.33822751395057), with radius = 4.2743426594522305
INFO:root:1
INFO:root:Planet: Entity Planet (id: 0) at position: (x = 127.06977214344616, y = 87.06977214344616), with radius = 4.499083824074528
INFO:root:Entity Planet (id: 0) at position: (x = 127.06977214344616, y = 87.06977214344616), with radius = 4.499083824074528
INFO:root:*********New Ship**********
INFO:root:*********New Ship**********
INFO:root: Size: 14
INFO:root:0
INFO:root:Planet: Entity Planet (id: 0) at position: (x = 127.06977214344616, y = 87.06977214344616), with radius = 4.499083824074528
INFO:root:Entity Planet (id: 0) at position: (x = 127.06977214344616, y = 87.06977214344616), with radius = 4.499083824074528
INFO:root:Start
INFO:root:---NEW TURN---
INFO:root:*********New Ship**********
INFO:root:*********New Ship**********
INFO:root:*********New Ship**********
INFO:root:*********New Ship**********
INFO:root:*********New Ship**********
INFO:root:Start
INFO:root:---NEW TURN---
INFO:root:*********New Ship**********
INFO:root: Size: 14
INFO:root:0
INFO:root:Planet: Entity Planet (id: 5) at position: (x = 140.92943111429983, y = 111.33822751395057), with radius = 4.2743426594522305
INFO:root:1
INFO:root:Planet: Entity Planet (id: 0) at position: (x = 127.06977214344616, y = 87.06977214344616), with radius = 4.499083824074528
INFO:root:Entity Planet (id: 0) at position: (x = 127.06977214344616, y = 87.06977214344616), with radius = 4.499083824074528
INFO:root:*********New Ship**********
INFO:root:*********New Ship**********
INFO:root: Size: 14
INFO:root:0
INFO:root:Planet: Entity Planet (id: 5) at position: (x = 140.92943111429983, y = 111.33822751395057), with radius = 4.2743426594522305
INFO:root:1
INFO:root:Planet: Entity Planet (id: 0) at position: (x = 127.06977214344616, y = 87.06977214344616), with radius = 4.499083824074528
INFO:root:Entity Planet (id: 0) at position: (x = 127.06977214344616, y = 87.06977214344616), with radius = 4.499083824074528
INFO:root:*********New Ship**********
INFO:root:*********New Ship**********
INFO:root:Start
INFO:root:---NEW TURN---
INFO:root:*********New Ship**********
INFO:root:*********New Ship**********
INFO:root:*********New Ship**********
INFO:root:*********New Ship**********
INFO:root:*********New Ship**********
INFO:root:Start
INFO:root:---NEW TURN---
INFO:root:*********New Ship**********
INFO:root: Size: 14
INFO:root:0
INFO:root:Planet: Entity Planet (id: 5) at position: (x = 140.92943111429983, y = 111.33822751395057), with radius = 4.2743426594522305
INFO:root:1
INFO:root:Planet: Entity Planet (id: 0) at position: (x = 127.06977214344616, y = 87.06977214344616), with radius = 4.499083824074528
INFO:root:Entity Planet (id: 0) at position: (x = 127.06977214344616, y = 87.06977214344616), with radius = 4.499083824074528
INFO:root:*********New Ship**********
INFO:root:*********New Ship**********
INFO:root: Size: 14
INFO:root:0
INFO:root:Planet: Entity Planet (id: 5) at position: (x = 140.92943111429983, y = 111.33822751395057), with radius = 4.2743426594522305
INFO:root:1
INFO:root:Planet: Entity Planet (id: 0) at position: (x = 127.06977214344616, y = 87.06977214344616), with radius = 4.499083824074528
INFO:root:Entity Planet (id: 0) at position: (x = 127.06977214344616, y = 87.06977214344616), with radius = 4.499083824074528
INFO:root:*********New Ship**********
INFO:root:*********New Ship**********
INFO:root:Start
INFO:root:---NEW TURN---
INFO:root:*********New Ship**********
INFO:root:*********New Ship**********
INFO:root:*********New Ship**********
INFO:root:*********New Ship**********
INFO:root:*********New Ship**********
INFO:root:Start
INFO:root:---NEW TURN---
INFO:root:*********New Ship**********
INFO:root: Size: 14
INFO:root:0
INFO:root:Planet: Entity Planet (id: 0) at position: (x = 127.06977214344616, y = 87.06977214344616), with radius = 4.499083824074528
INFO:root:Entity Planet (id: 0) at position: (x = 127.06977214344616, y = 87.06977214344616), with radius = 4.499083824074528
INFO:root:*********New Ship**********
INFO:root:*********New Ship**********
INFO:root: Size: 14
INFO:root:0
INFO:root:Planet: Entity Planet (id: 5) at position: (x = 140.92943111429983, y = 111.33822751395057), with radius = 4.2743426594522305
INFO:root:1
INFO:root:Planet: Entity Planet (id: 0) at position: (x = 127.06977214344616, y = 87.06977214344616), with radius = 4.499083824074528
INFO:root:Entity Planet (id: 0) at position: (x = 127.06977214344616, y = 87.06977214344616), with radius = 4.499083824074528
INFO:root:*********New Ship**********
INFO:root:*********New Ship**********
INFO:root:Start
INFO:root:---NEW TURN---
INFO:root:*********New Ship**********
INFO:root:*********New Ship**********
INFO:root:*********New Ship**********
INFO:root:*********New Ship**********
INFO:root:*********New Ship**********
INFO:root:*********New Ship**********
INFO:root: Size: 14
INFO:root:0
INFO:root:Planet: Entity Planet (id: 5) at position: (x = 140.92943111429983, y = 111.33822751395057), with radius = 4.2743426594522305
INFO:root:1
INFO:root:Planet: Entity Planet (id: 0) at position: (x = 127.06977214344616, y = 87.06977214344616), with radius = 4.499083824074528
INFO:root:2
INFO:root:Planet: Entity Planet (id: 1) at position: (x = 112.93022785655384, y = 87.06977214344616), with radius = 4.499083824074528
INFO:root:Entity Planet (id: 1) at position: (x = 112.93022785655384, y = 87.06977214344616), with radius = 4.499083824074528
INFO:root:Start
INFO:root:---NEW TURN---
INFO:root:*********New Ship**********
INFO:root:*********New Ship**********
INFO:root: Size: 14
INFO:root:0
INFO:root:Planet: Entity Planet (id: 5) at position: (x = 140.92943111429983, y = 111.33822751395057), with radius = 4.2743426594522305
INFO:root:1
INFO:root:Planet: Entity Planet (id: 0) at position: (x = 127.06977214344616, y = 87.06977214344616), with radius = 4.499083824074528
INFO:root:2
INFO:root:Planet: Entity Planet (id: 12) at position: (x = 162.08942098227897, y = 137.0018652863399), with radius = 8.236950340940162
INFO:root:Entity Planet (id: 12) at position: (x = 162.08942098227897, y = 137.0018652863399), with radius = 8.236950340940162
INFO:root:*********New Ship**********
INFO:root:*********New Ship**********
INFO:root:*********New Ship**********
INFO:root:*********New Ship**********
INFO:root:Start
INFO:root:---NEW TURN---
